1693068330524|0|statement|connection 26|url jdbc:h2:mem:c2b519ec-f469-4dac-94ea-f99c235d200d|drop table if exists answer CASCADE |drop table if exists answer CASCADE 
1693068330526|0|statement|connection 26|url jdbc:h2:mem:c2b519ec-f469-4dac-94ea-f99c235d200d|drop table if exists cart CASCADE |drop table if exists cart CASCADE 
1693068330526|0|statement|connection 26|url jdbc:h2:mem:c2b519ec-f469-4dac-94ea-f99c235d200d|drop table if exists category CASCADE |drop table if exists category CASCADE 
1693068330527|0|statement|connection 26|url jdbc:h2:mem:c2b519ec-f469-4dac-94ea-f99c235d200d|drop table if exists channel CASCADE |drop table if exists channel CASCADE 
1693068330527|0|statement|connection 26|url jdbc:h2:mem:c2b519ec-f469-4dac-94ea-f99c235d200d|drop table if exists member CASCADE |drop table if exists member CASCADE 
1693068330528|0|statement|connection 26|url jdbc:h2:mem:c2b519ec-f469-4dac-94ea-f99c235d200d|drop table if exists orders CASCADE |drop table if exists orders CASCADE 
1693068330529|0|statement|connection 26|url jdbc:h2:mem:c2b519ec-f469-4dac-94ea-f99c235d200d|drop table if exists order_video CASCADE |drop table if exists order_video CASCADE 
1693068330529|0|statement|connection 26|url jdbc:h2:mem:c2b519ec-f469-4dac-94ea-f99c235d200d|drop table if exists question CASCADE |drop table if exists question CASCADE 
1693068330529|0|statement|connection 26|url jdbc:h2:mem:c2b519ec-f469-4dac-94ea-f99c235d200d|drop table if exists question_selections CASCADE |drop table if exists question_selections CASCADE 
1693068330530|0|statement|connection 26|url jdbc:h2:mem:c2b519ec-f469-4dac-94ea-f99c235d200d|drop table if exists reply CASCADE |drop table if exists reply CASCADE 
1693068330531|0|statement|connection 26|url jdbc:h2:mem:c2b519ec-f469-4dac-94ea-f99c235d200d|drop table if exists selection CASCADE |drop table if exists selection CASCADE 
1693068330532|0|statement|connection 26|url jdbc:h2:mem:c2b519ec-f469-4dac-94ea-f99c235d200d|drop table if exists subscribe CASCADE |drop table if exists subscribe CASCADE 
1693068330533|0|statement|connection 26|url jdbc:h2:mem:c2b519ec-f469-4dac-94ea-f99c235d200d|drop table if exists video CASCADE |drop table if exists video CASCADE 
1693068330534|0|statement|connection 26|url jdbc:h2:mem:c2b519ec-f469-4dac-94ea-f99c235d200d|drop table if exists video_category CASCADE |drop table if exists video_category CASCADE 
1693068330534|0|statement|connection 26|url jdbc:h2:mem:c2b519ec-f469-4dac-94ea-f99c235d200d|drop table if exists watch CASCADE |drop table if exists watch CASCADE 
1693095808017|0|statement|connection 26|url jdbc:h2:mem:0da3d231-8fe0-4183-a88a-904bcb6f97af|drop table if exists answer CASCADE |drop table if exists answer CASCADE 
1693095808020|0|statement|connection 26|url jdbc:h2:mem:0da3d231-8fe0-4183-a88a-904bcb6f97af|drop table if exists cart CASCADE |drop table if exists cart CASCADE 
1693095808020|0|statement|connection 26|url jdbc:h2:mem:0da3d231-8fe0-4183-a88a-904bcb6f97af|drop table if exists category CASCADE |drop table if exists category CASCADE 
1693095808021|0|statement|connection 26|url jdbc:h2:mem:0da3d231-8fe0-4183-a88a-904bcb6f97af|drop table if exists channel CASCADE |drop table if exists channel CASCADE 
1693095808022|0|statement|connection 26|url jdbc:h2:mem:0da3d231-8fe0-4183-a88a-904bcb6f97af|drop table if exists member CASCADE |drop table if exists member CASCADE 
1693095808022|0|statement|connection 26|url jdbc:h2:mem:0da3d231-8fe0-4183-a88a-904bcb6f97af|drop table if exists orders CASCADE |drop table if exists orders CASCADE 
1693095808022|0|statement|connection 26|url jdbc:h2:mem:0da3d231-8fe0-4183-a88a-904bcb6f97af|drop table if exists order_video CASCADE |drop table if exists order_video CASCADE 
1693095808023|0|statement|connection 26|url jdbc:h2:mem:0da3d231-8fe0-4183-a88a-904bcb6f97af|drop table if exists question CASCADE |drop table if exists question CASCADE 
1693095808023|0|statement|connection 26|url jdbc:h2:mem:0da3d231-8fe0-4183-a88a-904bcb6f97af|drop table if exists question_selections CASCADE |drop table if exists question_selections CASCADE 
1693095808024|0|statement|connection 26|url jdbc:h2:mem:0da3d231-8fe0-4183-a88a-904bcb6f97af|drop table if exists reply CASCADE |drop table if exists reply CASCADE 
1693095808024|0|statement|connection 26|url jdbc:h2:mem:0da3d231-8fe0-4183-a88a-904bcb6f97af|drop table if exists selection CASCADE |drop table if exists selection CASCADE 
1693095808025|0|statement|connection 26|url jdbc:h2:mem:0da3d231-8fe0-4183-a88a-904bcb6f97af|drop table if exists subscribe CASCADE |drop table if exists subscribe CASCADE 
1693095808026|0|statement|connection 26|url jdbc:h2:mem:0da3d231-8fe0-4183-a88a-904bcb6f97af|drop table if exists video CASCADE |drop table if exists video CASCADE 
1693095808026|0|statement|connection 26|url jdbc:h2:mem:0da3d231-8fe0-4183-a88a-904bcb6f97af|drop table if exists video_category CASCADE |drop table if exists video_category CASCADE 
1693095808027|0|statement|connection 26|url jdbc:h2:mem:0da3d231-8fe0-4183-a88a-904bcb6f97af|drop table if exists watch CASCADE |drop table if exists watch CASCADE 
1693136229265|0|statement|connection 41|url jdbc:h2:mem:test|drop table if exists answer CASCADE |drop table if exists answer CASCADE 
1693136229268|0|statement|connection 41|url jdbc:h2:mem:test|drop table if exists cart CASCADE |drop table if exists cart CASCADE 
1693136229268|0|statement|connection 41|url jdbc:h2:mem:test|drop table if exists category CASCADE |drop table if exists category CASCADE 
1693136229268|0|statement|connection 41|url jdbc:h2:mem:test|drop table if exists category_video_categories CASCADE |drop table if exists category_video_categories CASCADE 
1693136229268|0|statement|connection 41|url jdbc:h2:mem:test|drop table if exists channel CASCADE |drop table if exists channel CASCADE 
1693136229268|0|statement|connection 41|url jdbc:h2:mem:test|drop table if exists member CASCADE |drop table if exists member CASCADE 
1693136229268|0|statement|connection 41|url jdbc:h2:mem:test|drop table if exists orders CASCADE |drop table if exists orders CASCADE 
1693136229268|0|statement|connection 41|url jdbc:h2:mem:test|drop table if exists order_video CASCADE |drop table if exists order_video CASCADE 
1693136229268|0|statement|connection 41|url jdbc:h2:mem:test|drop table if exists question CASCADE |drop table if exists question CASCADE 
1693136229268|0|statement|connection 41|url jdbc:h2:mem:test|drop table if exists question_selections CASCADE |drop table if exists question_selections CASCADE 
1693136229268|0|statement|connection 41|url jdbc:h2:mem:test|drop table if exists reply CASCADE |drop table if exists reply CASCADE 
1693136229268|0|statement|connection 41|url jdbc:h2:mem:test|drop table if exists selection CASCADE |drop table if exists selection CASCADE 
1693136229268|0|statement|connection 41|url jdbc:h2:mem:test|drop table if exists subscribe CASCADE |drop table if exists subscribe CASCADE 
1693136229268|0|statement|connection 41|url jdbc:h2:mem:test|drop table if exists video CASCADE |drop table if exists video CASCADE 
1693136229268|0|statement|connection 41|url jdbc:h2:mem:test|drop table if exists video_category CASCADE |drop table if exists video_category CASCADE 
1693136229268|0|statement|connection 41|url jdbc:h2:mem:test|drop table if exists watch CASCADE |drop table if exists watch CASCADE 
1693136300470|1|statement|connection 41|url jdbc:h2:mem:78eece7d-abc5-422d-93f8-4b4e15356b35|drop table if exists answer CASCADE |drop table if exists answer CASCADE 
1693136300473|1|statement|connection 41|url jdbc:h2:mem:78eece7d-abc5-422d-93f8-4b4e15356b35|drop table if exists cart CASCADE |drop table if exists cart CASCADE 
1693136300474|0|statement|connection 41|url jdbc:h2:mem:78eece7d-abc5-422d-93f8-4b4e15356b35|drop table if exists category CASCADE |drop table if exists category CASCADE 
1693136300474|0|statement|connection 41|url jdbc:h2:mem:78eece7d-abc5-422d-93f8-4b4e15356b35|drop table if exists category_video_categories CASCADE |drop table if exists category_video_categories CASCADE 
1693136300476|0|statement|connection 41|url jdbc:h2:mem:78eece7d-abc5-422d-93f8-4b4e15356b35|drop table if exists channel CASCADE |drop table if exists channel CASCADE 
1693136300477|1|statement|connection 41|url jdbc:h2:mem:78eece7d-abc5-422d-93f8-4b4e15356b35|drop table if exists member CASCADE |drop table if exists member CASCADE 
1693136300478|0|statement|connection 41|url jdbc:h2:mem:78eece7d-abc5-422d-93f8-4b4e15356b35|drop table if exists orders CASCADE |drop table if exists orders CASCADE 
1693136300479|0|statement|connection 41|url jdbc:h2:mem:78eece7d-abc5-422d-93f8-4b4e15356b35|drop table if exists order_video CASCADE |drop table if exists order_video CASCADE 
1693136300480|0|statement|connection 41|url jdbc:h2:mem:78eece7d-abc5-422d-93f8-4b4e15356b35|drop table if exists question CASCADE |drop table if exists question CASCADE 
1693136300481|0|statement|connection 41|url jdbc:h2:mem:78eece7d-abc5-422d-93f8-4b4e15356b35|drop table if exists question_selections CASCADE |drop table if exists question_selections CASCADE 
1693136300481|0|statement|connection 41|url jdbc:h2:mem:78eece7d-abc5-422d-93f8-4b4e15356b35|drop table if exists reply CASCADE |drop table if exists reply CASCADE 
1693136300482|0|statement|connection 41|url jdbc:h2:mem:78eece7d-abc5-422d-93f8-4b4e15356b35|drop table if exists selection CASCADE |drop table if exists selection CASCADE 
1693136300482|0|statement|connection 41|url jdbc:h2:mem:78eece7d-abc5-422d-93f8-4b4e15356b35|drop table if exists subscribe CASCADE |drop table if exists subscribe CASCADE 
1693136300484|1|statement|connection 41|url jdbc:h2:mem:78eece7d-abc5-422d-93f8-4b4e15356b35|drop table if exists video CASCADE |drop table if exists video CASCADE 
1693136300485|0|statement|connection 41|url jdbc:h2:mem:78eece7d-abc5-422d-93f8-4b4e15356b35|drop table if exists video_category CASCADE |drop table if exists video_category CASCADE 
1693136300485|0|statement|connection 41|url jdbc:h2:mem:78eece7d-abc5-422d-93f8-4b4e15356b35|drop table if exists watch CASCADE |drop table if exists watch CASCADE 
1693136525286|0|statement|connection 41|url jdbc:h2:mem:c41f9bbc-92e1-4312-8fe0-030bfdf82fbb|drop table if exists answer CASCADE |drop table if exists answer CASCADE 
1693136525289|0|statement|connection 41|url jdbc:h2:mem:c41f9bbc-92e1-4312-8fe0-030bfdf82fbb|drop table if exists cart CASCADE |drop table if exists cart CASCADE 
1693136525290|0|statement|connection 41|url jdbc:h2:mem:c41f9bbc-92e1-4312-8fe0-030bfdf82fbb|drop table if exists category CASCADE |drop table if exists category CASCADE 
1693136525290|0|statement|connection 41|url jdbc:h2:mem:c41f9bbc-92e1-4312-8fe0-030bfdf82fbb|drop table if exists category_video_categories CASCADE |drop table if exists category_video_categories CASCADE 
1693136525290|0|statement|connection 41|url jdbc:h2:mem:c41f9bbc-92e1-4312-8fe0-030bfdf82fbb|drop table if exists channel CASCADE |drop table if exists channel CASCADE 
1693136525291|0|statement|connection 41|url jdbc:h2:mem:c41f9bbc-92e1-4312-8fe0-030bfdf82fbb|drop table if exists member CASCADE |drop table if exists member CASCADE 
1693136525291|0|statement|connection 41|url jdbc:h2:mem:c41f9bbc-92e1-4312-8fe0-030bfdf82fbb|drop table if exists orders CASCADE |drop table if exists orders CASCADE 
1693136525293|0|statement|connection 41|url jdbc:h2:mem:c41f9bbc-92e1-4312-8fe0-030bfdf82fbb|drop table if exists order_video CASCADE |drop table if exists order_video CASCADE 
1693136525294|0|statement|connection 41|url jdbc:h2:mem:c41f9bbc-92e1-4312-8fe0-030bfdf82fbb|drop table if exists question CASCADE |drop table if exists question CASCADE 
1693136525294|0|statement|connection 41|url jdbc:h2:mem:c41f9bbc-92e1-4312-8fe0-030bfdf82fbb|drop table if exists question_selections CASCADE |drop table if exists question_selections CASCADE 
1693136525294|0|statement|connection 41|url jdbc:h2:mem:c41f9bbc-92e1-4312-8fe0-030bfdf82fbb|drop table if exists reply CASCADE |drop table if exists reply CASCADE 
1693136525294|0|statement|connection 41|url jdbc:h2:mem:c41f9bbc-92e1-4312-8fe0-030bfdf82fbb|drop table if exists selection CASCADE |drop table if exists selection CASCADE 
1693136525295|0|statement|connection 41|url jdbc:h2:mem:c41f9bbc-92e1-4312-8fe0-030bfdf82fbb|drop table if exists subscribe CASCADE |drop table if exists subscribe CASCADE 
1693136525296|0|statement|connection 41|url jdbc:h2:mem:c41f9bbc-92e1-4312-8fe0-030bfdf82fbb|drop table if exists video CASCADE |drop table if exists video CASCADE 
1693136525296|0|statement|connection 41|url jdbc:h2:mem:c41f9bbc-92e1-4312-8fe0-030bfdf82fbb|drop table if exists video_category CASCADE |drop table if exists video_category CASCADE 
1693136525297|0|statement|connection 41|url jdbc:h2:mem:c41f9bbc-92e1-4312-8fe0-030bfdf82fbb|drop table if exists watch CASCADE |drop table if exists watch CASCADE 
1693140358966|1|statement|connection 41|url jdbc:h2:mem:a390a61e-dc19-4e0e-9ef9-b9103daff0b5|drop table if exists answer CASCADE |drop table if exists answer CASCADE 
1693140358969|0|statement|connection 41|url jdbc:h2:mem:a390a61e-dc19-4e0e-9ef9-b9103daff0b5|drop table if exists cart CASCADE |drop table if exists cart CASCADE 
1693140358969|0|statement|connection 41|url jdbc:h2:mem:a390a61e-dc19-4e0e-9ef9-b9103daff0b5|drop table if exists category CASCADE |drop table if exists category CASCADE 
1693140358970|0|statement|connection 41|url jdbc:h2:mem:a390a61e-dc19-4e0e-9ef9-b9103daff0b5|drop table if exists category_video_categories CASCADE |drop table if exists category_video_categories CASCADE 
1693140358971|0|statement|connection 41|url jdbc:h2:mem:a390a61e-dc19-4e0e-9ef9-b9103daff0b5|drop table if exists channel CASCADE |drop table if exists channel CASCADE 
1693140358972|0|statement|connection 41|url jdbc:h2:mem:a390a61e-dc19-4e0e-9ef9-b9103daff0b5|drop table if exists member CASCADE |drop table if exists member CASCADE 
1693140358972|0|statement|connection 41|url jdbc:h2:mem:a390a61e-dc19-4e0e-9ef9-b9103daff0b5|drop table if exists orders CASCADE |drop table if exists orders CASCADE 
1693140358973|0|statement|connection 41|url jdbc:h2:mem:a390a61e-dc19-4e0e-9ef9-b9103daff0b5|drop table if exists order_video CASCADE |drop table if exists order_video CASCADE 
1693140358973|0|statement|connection 41|url jdbc:h2:mem:a390a61e-dc19-4e0e-9ef9-b9103daff0b5|drop table if exists question CASCADE |drop table if exists question CASCADE 
1693140358974|0|statement|connection 41|url jdbc:h2:mem:a390a61e-dc19-4e0e-9ef9-b9103daff0b5|drop table if exists question_selections CASCADE |drop table if exists question_selections CASCADE 
1693140358974|0|statement|connection 41|url jdbc:h2:mem:a390a61e-dc19-4e0e-9ef9-b9103daff0b5|drop table if exists reply CASCADE |drop table if exists reply CASCADE 
1693140358975|0|statement|connection 41|url jdbc:h2:mem:a390a61e-dc19-4e0e-9ef9-b9103daff0b5|drop table if exists selection CASCADE |drop table if exists selection CASCADE 
1693140358975|0|statement|connection 41|url jdbc:h2:mem:a390a61e-dc19-4e0e-9ef9-b9103daff0b5|drop table if exists subscribe CASCADE |drop table if exists subscribe CASCADE 
1693140358976|0|statement|connection 41|url jdbc:h2:mem:a390a61e-dc19-4e0e-9ef9-b9103daff0b5|drop table if exists video CASCADE |drop table if exists video CASCADE 
1693140358976|0|statement|connection 41|url jdbc:h2:mem:a390a61e-dc19-4e0e-9ef9-b9103daff0b5|drop table if exists video_category CASCADE |drop table if exists video_category CASCADE 
1693140358976|0|statement|connection 41|url jdbc:h2:mem:a390a61e-dc19-4e0e-9ef9-b9103daff0b5|drop table if exists watch CASCADE |drop table if exists watch CASCADE 
1693221310929|1|statement|connection 59|url jdbc:h2:mem:23f2ce8c-9536-416a-b330-18da7fd9f800|drop table if exists answer CASCADE |drop table if exists answer CASCADE 
1693221310932|1|statement|connection 59|url jdbc:h2:mem:23f2ce8c-9536-416a-b330-18da7fd9f800|drop table if exists cart CASCADE |drop table if exists cart CASCADE 
1693221310933|0|statement|connection 59|url jdbc:h2:mem:23f2ce8c-9536-416a-b330-18da7fd9f800|drop table if exists category CASCADE |drop table if exists category CASCADE 
1693221310936|3|statement|connection 59|url jdbc:h2:mem:23f2ce8c-9536-416a-b330-18da7fd9f800|drop table if exists channel CASCADE |drop table if exists channel CASCADE 
1693221310943|6|statement|connection 59|url jdbc:h2:mem:23f2ce8c-9536-416a-b330-18da7fd9f800|drop table if exists member CASCADE |drop table if exists member CASCADE 
1693221310944|0|statement|connection 59|url jdbc:h2:mem:23f2ce8c-9536-416a-b330-18da7fd9f800|drop table if exists orders CASCADE |drop table if exists orders CASCADE 
1693221310944|0|statement|connection 59|url jdbc:h2:mem:23f2ce8c-9536-416a-b330-18da7fd9f800|drop table if exists order_video CASCADE |drop table if exists order_video CASCADE 
1693221310946|2|statement|connection 59|url jdbc:h2:mem:23f2ce8c-9536-416a-b330-18da7fd9f800|drop table if exists question CASCADE |drop table if exists question CASCADE 
1693221310947|0|statement|connection 59|url jdbc:h2:mem:23f2ce8c-9536-416a-b330-18da7fd9f800|drop table if exists question_selections CASCADE |drop table if exists question_selections CASCADE 
1693221310949|0|statement|connection 59|url jdbc:h2:mem:23f2ce8c-9536-416a-b330-18da7fd9f800|drop table if exists reply CASCADE |drop table if exists reply CASCADE 
1693221310949|0|statement|connection 59|url jdbc:h2:mem:23f2ce8c-9536-416a-b330-18da7fd9f800|drop table if exists selection CASCADE |drop table if exists selection CASCADE 
1693221310950|0|statement|connection 59|url jdbc:h2:mem:23f2ce8c-9536-416a-b330-18da7fd9f800|drop table if exists subscribe CASCADE |drop table if exists subscribe CASCADE 
1693221310950|0|statement|connection 59|url jdbc:h2:mem:23f2ce8c-9536-416a-b330-18da7fd9f800|drop table if exists video CASCADE |drop table if exists video CASCADE 
1693221310952|1|statement|connection 59|url jdbc:h2:mem:23f2ce8c-9536-416a-b330-18da7fd9f800|drop table if exists video_category CASCADE |drop table if exists video_category CASCADE 
1693221310952|0|statement|connection 59|url jdbc:h2:mem:23f2ce8c-9536-416a-b330-18da7fd9f800|drop table if exists watch CASCADE |drop table if exists watch CASCADE 
1693227417692|2|statement|connection 61|url jdbc:h2:mem:93c68c07-06d3-49c2-bba1-6fff55e79bb7|drop table if exists answer CASCADE |drop table if exists answer CASCADE 
1693227417704|0|statement|connection 61|url jdbc:h2:mem:93c68c07-06d3-49c2-bba1-6fff55e79bb7|drop table if exists cart CASCADE |drop table if exists cart CASCADE 
1693227417705|0|statement|connection 61|url jdbc:h2:mem:93c68c07-06d3-49c2-bba1-6fff55e79bb7|drop table if exists category CASCADE |drop table if exists category CASCADE 
1693227417707|1|statement|connection 61|url jdbc:h2:mem:93c68c07-06d3-49c2-bba1-6fff55e79bb7|drop table if exists channel CASCADE |drop table if exists channel CASCADE 
1693227417707|0|statement|connection 61|url jdbc:h2:mem:93c68c07-06d3-49c2-bba1-6fff55e79bb7|drop table if exists member CASCADE |drop table if exists member CASCADE 
1693227417708|0|statement|connection 61|url jdbc:h2:mem:93c68c07-06d3-49c2-bba1-6fff55e79bb7|drop table if exists orders CASCADE |drop table if exists orders CASCADE 
1693227417708|0|statement|connection 61|url jdbc:h2:mem:93c68c07-06d3-49c2-bba1-6fff55e79bb7|drop table if exists order_video CASCADE |drop table if exists order_video CASCADE 
1693227417709|0|statement|connection 61|url jdbc:h2:mem:93c68c07-06d3-49c2-bba1-6fff55e79bb7|drop table if exists question CASCADE |drop table if exists question CASCADE 
1693227417709|0|statement|connection 61|url jdbc:h2:mem:93c68c07-06d3-49c2-bba1-6fff55e79bb7|drop table if exists question_selections CASCADE |drop table if exists question_selections CASCADE 
1693227417709|0|statement|connection 61|url jdbc:h2:mem:93c68c07-06d3-49c2-bba1-6fff55e79bb7|drop table if exists reply CASCADE |drop table if exists reply CASCADE 
1693227417709|0|statement|connection 61|url jdbc:h2:mem:93c68c07-06d3-49c2-bba1-6fff55e79bb7|drop table if exists reward CASCADE |drop table if exists reward CASCADE 
1693227417710|0|statement|connection 61|url jdbc:h2:mem:93c68c07-06d3-49c2-bba1-6fff55e79bb7|drop table if exists selection CASCADE |drop table if exists selection CASCADE 
1693227417710|0|statement|connection 61|url jdbc:h2:mem:93c68c07-06d3-49c2-bba1-6fff55e79bb7|drop table if exists subscribe CASCADE |drop table if exists subscribe CASCADE 
1693227417710|0|statement|connection 61|url jdbc:h2:mem:93c68c07-06d3-49c2-bba1-6fff55e79bb7|drop table if exists video CASCADE |drop table if exists video CASCADE 
1693227417711|0|statement|connection 61|url jdbc:h2:mem:93c68c07-06d3-49c2-bba1-6fff55e79bb7|drop table if exists video_category CASCADE |drop table if exists video_category CASCADE 
1693227417711|0|statement|connection 61|url jdbc:h2:mem:93c68c07-06d3-49c2-bba1-6fff55e79bb7|drop table if exists watch CASCADE |drop table if exists watch CASCADE 
1693227656856|3|statement|connection 61|url jdbc:h2:mem:6f849e9d-8dc9-4b76-9b4d-5280fdf5fc1b|drop table if exists answer CASCADE |drop table if exists answer CASCADE 
1693227656857|0|statement|connection 61|url jdbc:h2:mem:6f849e9d-8dc9-4b76-9b4d-5280fdf5fc1b|drop table if exists cart CASCADE |drop table if exists cart CASCADE 
1693227656858|0|statement|connection 61|url jdbc:h2:mem:6f849e9d-8dc9-4b76-9b4d-5280fdf5fc1b|drop table if exists category CASCADE |drop table if exists category CASCADE 
1693227656860|2|statement|connection 61|url jdbc:h2:mem:6f849e9d-8dc9-4b76-9b4d-5280fdf5fc1b|drop table if exists channel CASCADE |drop table if exists channel CASCADE 
1693227656861|0|statement|connection 61|url jdbc:h2:mem:6f849e9d-8dc9-4b76-9b4d-5280fdf5fc1b|drop table if exists member CASCADE |drop table if exists member CASCADE 
1693227656862|0|statement|connection 61|url jdbc:h2:mem:6f849e9d-8dc9-4b76-9b4d-5280fdf5fc1b|drop table if exists orders CASCADE |drop table if exists orders CASCADE 
1693227656862|0|statement|connection 61|url jdbc:h2:mem:6f849e9d-8dc9-4b76-9b4d-5280fdf5fc1b|drop table if exists order_video CASCADE |drop table if exists order_video CASCADE 
1693227656864|1|statement|connection 61|url jdbc:h2:mem:6f849e9d-8dc9-4b76-9b4d-5280fdf5fc1b|drop table if exists question CASCADE |drop table if exists question CASCADE 
1693227656864|0|statement|connection 61|url jdbc:h2:mem:6f849e9d-8dc9-4b76-9b4d-5280fdf5fc1b|drop table if exists question_selections CASCADE |drop table if exists question_selections CASCADE 
1693227656864|0|statement|connection 61|url jdbc:h2:mem:6f849e9d-8dc9-4b76-9b4d-5280fdf5fc1b|drop table if exists reply CASCADE |drop table if exists reply CASCADE 
1693227656864|0|statement|connection 61|url jdbc:h2:mem:6f849e9d-8dc9-4b76-9b4d-5280fdf5fc1b|drop table if exists reward CASCADE |drop table if exists reward CASCADE 
1693227656865|0|statement|connection 61|url jdbc:h2:mem:6f849e9d-8dc9-4b76-9b4d-5280fdf5fc1b|drop table if exists selection CASCADE |drop table if exists selection CASCADE 
1693227656865|0|statement|connection 61|url jdbc:h2:mem:6f849e9d-8dc9-4b76-9b4d-5280fdf5fc1b|drop table if exists subscribe CASCADE |drop table if exists subscribe CASCADE 
1693227656865|0|statement|connection 61|url jdbc:h2:mem:6f849e9d-8dc9-4b76-9b4d-5280fdf5fc1b|drop table if exists video CASCADE |drop table if exists video CASCADE 
1693227656865|0|statement|connection 61|url jdbc:h2:mem:6f849e9d-8dc9-4b76-9b4d-5280fdf5fc1b|drop table if exists video_category CASCADE |drop table if exists video_category CASCADE 
1693227656866|0|statement|connection 61|url jdbc:h2:mem:6f849e9d-8dc9-4b76-9b4d-5280fdf5fc1b|drop table if exists watch CASCADE |drop table if exists watch CASCADE 
1693227755215|1|statement|connection 61|url jdbc:h2:mem:8d83321f-cf0d-4e1a-b4ae-35d4079853e7|drop table if exists answer CASCADE |drop table if exists answer CASCADE 
1693227755216|0|statement|connection 61|url jdbc:h2:mem:8d83321f-cf0d-4e1a-b4ae-35d4079853e7|drop table if exists cart CASCADE |drop table if exists cart CASCADE 
1693227755217|0|statement|connection 61|url jdbc:h2:mem:8d83321f-cf0d-4e1a-b4ae-35d4079853e7|drop table if exists category CASCADE |drop table if exists category CASCADE 
1693227755218|1|statement|connection 61|url jdbc:h2:mem:8d83321f-cf0d-4e1a-b4ae-35d4079853e7|drop table if exists channel CASCADE |drop table if exists channel CASCADE 
1693227755219|0|statement|connection 61|url jdbc:h2:mem:8d83321f-cf0d-4e1a-b4ae-35d4079853e7|drop table if exists member CASCADE |drop table if exists member CASCADE 
1693227755219|0|statement|connection 61|url jdbc:h2:mem:8d83321f-cf0d-4e1a-b4ae-35d4079853e7|drop table if exists orders CASCADE |drop table if exists orders CASCADE 
1693227755221|0|statement|connection 61|url jdbc:h2:mem:8d83321f-cf0d-4e1a-b4ae-35d4079853e7|drop table if exists order_video CASCADE |drop table if exists order_video CASCADE 
1693227755221|0|statement|connection 61|url jdbc:h2:mem:8d83321f-cf0d-4e1a-b4ae-35d4079853e7|drop table if exists question CASCADE |drop table if exists question CASCADE 
1693227755222|1|statement|connection 61|url jdbc:h2:mem:8d83321f-cf0d-4e1a-b4ae-35d4079853e7|drop table if exists question_selections CASCADE |drop table if exists question_selections CASCADE 
1693227755223|0|statement|connection 61|url jdbc:h2:mem:8d83321f-cf0d-4e1a-b4ae-35d4079853e7|drop table if exists reply CASCADE |drop table if exists reply CASCADE 
1693227755223|0|statement|connection 61|url jdbc:h2:mem:8d83321f-cf0d-4e1a-b4ae-35d4079853e7|drop table if exists reward CASCADE |drop table if exists reward CASCADE 
1693227755223|0|statement|connection 61|url jdbc:h2:mem:8d83321f-cf0d-4e1a-b4ae-35d4079853e7|drop table if exists selection CASCADE |drop table if exists selection CASCADE 
1693227755223|0|statement|connection 61|url jdbc:h2:mem:8d83321f-cf0d-4e1a-b4ae-35d4079853e7|drop table if exists subscribe CASCADE |drop table if exists subscribe CASCADE 
1693227755224|0|statement|connection 61|url jdbc:h2:mem:8d83321f-cf0d-4e1a-b4ae-35d4079853e7|drop table if exists video CASCADE |drop table if exists video CASCADE 
1693227755224|0|statement|connection 61|url jdbc:h2:mem:8d83321f-cf0d-4e1a-b4ae-35d4079853e7|drop table if exists video_category CASCADE |drop table if exists video_category CASCADE 
1693227755224|0|statement|connection 61|url jdbc:h2:mem:8d83321f-cf0d-4e1a-b4ae-35d4079853e7|drop table if exists watch CASCADE |drop table if exists watch CASCADE 
